<?xml version="1.0" encoding="UTF-8"?>
<testsuite xmlns:xsi="http://www.w3.org/2001/XMLSchema-instance" xsi:noNamespaceSchemaLocation="https://maven.apache.org/surefire/maven-surefire-plugin/xsd/surefire-test-report.xsd" version="3.0.2" name="com.im.server.service.impl.ConversationServiceImplTest" time="0.858" tests="3" errors="0" skipped="0" failures="0">
  <properties>
[...]
</properties>
  <testcase name="allMentionCountsAsMentionUnreadForGroupMember" classname="com.im.server.service.impl.ConversationServiceImplTest" time="0.621"/>
  <testcase name="ownerCanPromoteMemberToAdmin" classname="com.im.server.service.impl.ConversationServiceImplTest" time="0.052"/>
  <testcase name="adminCannotUpdateMemberRoles" classname="com.im.server.service.impl.ConversationServiceImplTest" time="0.011"/>
</testsuite>